# JRE version: OpenJDK Runtime Environment Microsoft-9889599 (17.0.12+7) (build 17.0.12+7-LTS)
# Java VM: OpenJDK 64-Bit Server VM Microsoft-9889599 (17.0.12+7-LTS, mixed mode, sharing, tiered, compressed oops, compressed class ptrs, g1 gc, windows-amd64)
GC Precious Log:
 CPUs: 12 total, 12 available
 Memory: 7514M
 Large Page Support: Disabled
 NUMA Support: Disabled
 Compressed Oops: Enabled (32-bit)
 Heap Region Size: 1M
 Heap Min Capacity: 8M
 Heap Initial Capacity: 118M
 Heap Max Capacity: 1G
 Pre-touch: Disabled
 Parallel Workers: 10
 Concurrent Workers: 3
 Concurrent Refinement Workers: 10
 Periodic GC: Disabled
Heap:
 garbage-first heap   total 364544K, used 210944K [0x00000000c0000000, 0x0000000100000000)
  region size 1024K, 13 young (13312K), 13 survivors (13312K)
 Metaspace       used 12375K, committed 12608K, reserved 1114112K
  class space    used 1541K, committed 1664K, reserved 1048576K
GC Heap History (20 events):
Event: 1.621 GC heap after
{Heap after GC invocations=5 (full 0):
 garbage-first heap   total 120832K, used 51712K [0x00000000c0000000, 0x0000000100000000)
  region size 1024K, 6 young (6144K), 6 survivors (6144K)
 Metaspace       used 5917K, committed 6016K, reserved 1114112K
  class space    used 652K, committed 704K, reserved 1048576K
}
Event: 1.859 GC heap before
{Heap before GC invocations=5 (full 0):
 garbage-first heap   total 120832K, used 83456K [0x00000000c0000000, 0x0000000100000000)
  region size 1024K, 37 young (37888K), 6 survivors (6144K)
 Metaspace       used 7389K, committed 7552K, reserved 1114112K
  class space    used 849K, committed 960K, reserved 1048576K
}
Event: 1.883 GC heap after
{Heap after GC invocations=6 (full 0):
 garbage-first heap   total 193536K, used 60928K [0x00000000c0000000, 0x0000000100000000)
  region size 1024K, 5 young (5120K), 5 survivors (5120K)
 Metaspace       used 7389K, committed 7552K, reserved 1114112K
  class space    used 849K, committed 960K, reserved 1048576K
}
Event: 2.096 GC heap before
{Heap before GC invocations=6 (full 0):
 garbage-first heap   total 193536K, used 127488K [0x00000000c0000000, 0x0000000100000000)
  region size 1024K, 70 young (71680K), 5 survivors (5120K)
 Metaspace       used 7649K, committed 7872K, reserved 1114112K
  class space    used 885K, committed 960K, reserved 1048576K
}
Event: 2.125 GC heap after
{Heap after GC invocations=7 (full 0):
 garbage-first heap   total 193536K, used 77760K [0x00000000c0000000, 0x0000000100000000)
  region size 1024K, 9 young (9216K), 9 survivors (9216K)
 Metaspace       used 7649K, committed 7872K, reserved 1114112K
  class space    used 885K, committed 960K, reserved 1048576K
}
Event: 2.258 GC heap before
{Heap before GC invocations=7 (full 0):
 garbage-first heap   total 193536K, used 136128K [0x00000000c0000000, 0x0000000100000000)
  region size 1024K, 66 young (67584K), 9 survivors (9216K)
 Metaspace       used 7675K, committed 7872K, reserved 1114112K
  class space    used 885K, committed 960K, reserved 1048576K
}
Event: 2.287 GC heap after
{Heap after GC invocations=8 (full 0):
 garbage-first heap   total 193536K, used 90624K [0x00000000c0000000, 0x0000000100000000)
  region size 1024K, 9 young (9216K), 9 survivors (9216K)
 Metaspace       used 7675K, committed 7872K, reserved 1114112K
  class space    used 885K, committed 960K, reserved 1048576K
}
Event: 2.449 GC heap before
{Heap before GC invocations=8 (full 0):
 garbage-first heap   total 193536K, used 143872K [0x00000000c0000000, 0x0000000100000000)
  region size 1024K, 59 young (60416K), 9 survivors (9216K)
 Metaspace       used 7710K, committed 7872K, reserved 1114112K
  class space    used 885K, committed 960K, reserved 1048576K
}
Event: 2.478 GC heap after
{Heap after GC invocations=9 (full 0):
 garbage-first heap   total 193536K, used 105472K [0x00000000c0000000, 0x0000000100000000)
  region size 1024K, 8 young (8192K), 8 survivors (8192K)
 Metaspace       used 7710K, committed 7872K, reserved 1114112K
  class space    used 885K, committed 960K, reserved 1048576K
}
Event: 2.483 GC heap before
{Heap before GC invocations=9 (full 0):
 garbage-first heap   total 193536K, used 106496K [0x00000000c0000000, 0x0000000100000000)
  region size 1024K, 10 young (10240K), 8 survivors (8192K)
 Metaspace       used 7710K, committed 7872K, reserved 1114112K
  class space    used 885K, committed 960K, reserved 1048576K
}
Event: 2.499 GC heap after
{Heap after GC invocations=10 (full 0):
 garbage-first heap   total 364544K, used 107932K [0x00000000c0000000, 0x0000000100000000)
  region size 1024K, 2 young (2048K), 2 survivors (2048K)
 Metaspace       used 7710K, committed 7872K, reserved 1114112K
  class space    used 885K, committed 960K, reserved 1048576K
}
Event: 3.188 GC heap before
{Heap before GC invocations=10 (full 0):
 garbage-first heap   total 364544K, used 245148K [0x00000000c0000000, 0x0000000100000000)
  region size 1024K, 134 young (137216K), 2 survivors (2048K)
 Metaspace       used 9897K, committed 10112K, reserved 1114112K
  class space    used 1245K, committed 1344K, reserved 1048576K
}
Event: 3.223 GC heap after
{Heap after GC invocations=11 (full 0):
 garbage-first heap   total 364544K, used 137216K [0x00000000c0000000, 0x0000000100000000)
  region size 1024K, 17 young (17408K), 17 survivors (17408K)
 Metaspace       used 9897K, committed 10112K, reserved 1114112K
  class space    used 1245K, committed 1344K, reserved 1048576K
}
Event: 3.686 GC heap before
{Heap before GC invocations=11 (full 0):
 garbage-first heap   total 364544K, used 249856K [0x00000000c0000000, 0x0000000100000000)
  region size 1024K, 127 young (130048K), 17 survivors (17408K)
 Metaspace       used 10025K, committed 10240K, reserved 1114112K
  class space    used 1250K, committed 1344K, reserved 1048576K
}
Event: 3.721 GC heap after
{Heap after GC invocations=12 (full 0):
 garbage-first heap   total 364544K, used 157424K [0x00000000c0000000, 0x0000000100000000)
  region size 1024K, 16 young (16384K), 16 survivors (16384K)
 Metaspace       used 10025K, committed 10240K, reserved 1114112K
  class space    used 1250K, committed 1344K, reserved 1048576K
}
Event: 3.867 GC heap before
{Heap before GC invocations=12 (full 0):
 garbage-first heap   total 364544K, used 262896K [0x00000000c0000000, 0x0000000100000000)
  region size 1024K, 119 young (121856K), 16 survivors (16384K)
 Metaspace       used 10030K, committed 10240K, reserved 1114112K
  class space    used 1250K, committed 1344K, reserved 1048576K
}
Event: 3.890 GC heap after
{Heap after GC invocations=13 (full 0):
 garbage-first heap   total 364544K, used 176562K [0x00000000c0000000, 0x0000000100000000)
  region size 1024K, 15 young (15360K), 15 survivors (15360K)
 Metaspace       used 10030K, committed 10240K, reserved 1114112K
  class space    used 1250K, committed 1344K, reserved 1048576K
}
Event: 4.007 GC heap before
{Heap before GC invocations=13 (full 0):
 garbage-first heap   total 364544K, used 274866K [0x00000000c0000000, 0x0000000100000000)
  region size 1024K, 111 young (113664K), 15 survivors (15360K)
 Metaspace       used 10038K, committed 10240K, reserved 1114112K
  class space    used 1250K, committed 1344K, reserved 1048576K
}
Event: 4.030 GC heap after
{Heap after GC invocations=14 (full 0):
 garbage-first heap   total 364544K, used 195017K [0x00000000c0000000, 0x0000000100000000)
  region size 1024K, 14 young (14336K), 14 survivors (14336K)
 Metaspace       used 10038K, committed 10240K, reserved 1114112K
  class space    used 1250K, committed 1344K, reserved 1048576K
}
Event: 4.467 GC heap before
{Heap before GC invocations=14 (full 0):
 garbage-first heap   total 364544K, used 283081K [0x00000000c0000000, 0x0000000100000000)
  region size 1024K, 101 young (103424K), 14 survivors (14336K)
 Metaspace       used 12375K, committed 12608K, reserved 1114112K
  class space    used 1541K, committed 1664K, reserved 1048576K
}

